<fileupload size="115189904">
  <file name="uploads.zip" tmpfile="/home/interca1/tmp/Cpanel_Form_file.upload.XTf3NjP0q8u1c9bY">
    <progress bytes="654294" bps="396822.57"></progress>
    <progress bytes="916434" bps="393830.09"></progress>
    <progress bytes="1178574" bps="391654.15"></progress>
    <progress bytes="1440714" bps="394830.19"></progress>
    <progress bytes="1702854" bps="388471.23"></progress>
    <progress bytes="1964994" bps="120231.82"></progress>
    <progress bytes="2030529" bps="10764618.92"></progress>
    <progress bytes="4127649" bps="186364.95"></progress>
    <progress bytes="4258719" bps="262756.95"></progress>
    <progress bytes="4520859" bps="418614.23"></progress>
    <progress bytes="4782999" bps="391822.17"></progress>
    <progress bytes="5045139" bps="394304.59"></progress>
    <progress bytes="5307279" bps="382325.57"></progress>
    <progress bytes="5569419" bps="390591.47"></progress>
    <progress bytes="5831559" bps="383627.56"></progress>
    <progress bytes="6093699" bps="393007.60"></progress>
    <progress bytes="6355839" bps="390490.82"></progress>
    <progress bytes="6617979" bps="395274.92"></progress>
    <progress bytes="6880119" bps="384264.70"></progress>
    <progress bytes="7142259" bps="359030.48"></progress>
    <progress bytes="7404399" bps="365940.99"></progress>
    <progress bytes="7666539" bps="389278.29"></progress>
    <progress bytes="7928679" bps="394238.77"></progress>
    <progress bytes="8190819" bps="374248.33"></progress>
    <progress bytes="8452959" bps="383303.89"></progress>
    <progress bytes="8715099" bps="355467.69"></progress>
    <progress bytes="8977239" bps="389349.98"></progress>
    <progress bytes="9239379" bps="388293.43"></progress>
    <progress bytes="9501519" bps="395146.22"></progress>
    <progress bytes="9763659" bps="391226.87"></progress>
    <progress bytes="10025799" bps="380429.66"></progress>
    <progress bytes="10287939" bps="362810.47"></progress>
    <progress bytes="10550079" bps="361016.70"></progress>
    <progress bytes="10812219" bps="383177.83"></progress>
    <progress bytes="11074359" bps="391028.45"></progress>
    <progress bytes="11336499" bps="391359.46"></progress>
    <progress bytes="11598639" bps="382927.07"></progress>
    <progress bytes="11860779" bps="363177.91"></progress>
    <progress bytes="12122919" bps="370174.76"></progress>
    <progress bytes="12385059" bps="387014.48"></progress>
    <progress bytes="12647199" bps="392952.22"></progress>
    <progress bytes="12909339" bps="390843.64"></progress>
    <progress bytes="13171479" bps="379846.43"></progress>
    <progress bytes="13433619" bps="366142.38"></progress>
    <progress bytes="13695759" bps="375823.11"></progress>
    <progress bytes="13957899" bps="369875.48"></progress>
    <progress bytes="14220039" bps="371683.75"></progress>
    <progress bytes="14482179" bps="367096.58"></progress>
    <progress bytes="14744319" bps="365453.28"></progress>
    <progress bytes="15006459" bps="386489.53"></progress>
    <progress bytes="15268599" bps="392921.60"></progress>
    <progress bytes="15530739" bps="391537.74"></progress>
    <progress bytes="15792879" bps="376475.12"></progress>
    <progress bytes="16055019" bps="380534.58"></progress>
    <progress bytes="16317159" bps="374485.71"></progress>
    <progress bytes="16579299" bps="377044.77"></progress>
    <progress bytes="16841439" bps="379212.87"></progress>
    <progress bytes="17103579" bps="383974.83"></progress>
    <progress bytes="17365719" bps="392643.81"></progress>
    <progress bytes="17627859" bps="390726.54"></progress>
    <progress bytes="17889999" bps="392040.15"></progress>
    <progress bytes="18152139" bps="396547.94"></progress>
    <progress bytes="18414279" bps="388731.62"></progress>
    <progress bytes="18676419" bps="379917.45"></progress>
    <progress bytes="18938559" bps="382445.50"></progress>
    <progress bytes="19200699" bps="372886.56"></progress>
    <progress bytes="19462839" bps="372121.68"></progress>
    <progress bytes="19724979" bps="380476.04"></progress>
    <progress bytes="19987119" bps="358843.23"></progress>
    <progress bytes="20249259" bps="414008.77"></progress>
    <progress bytes="20511399" bps="393223.96"></progress>
    <progress bytes="20773539" bps="379755.09"></progress>
    <progress bytes="21035679" bps="387669.81"></progress>
    <progress bytes="21297819" bps="393392.73"></progress>
    <progress bytes="21559959" bps="390946.81"></progress>
    <progress bytes="21822099" bps="389111.30"></progress>
    <progress bytes="22084239" bps="390064.91"></progress>
    <progress bytes="22346379" bps="391961.60"></progress>
    <progress bytes="22608519" bps="391937.57"></progress>
    <progress bytes="22870659" bps="393436.42"></progress>
    <progress bytes="23132799" bps="372769.91"></progress>
    <progress bytes="23394939" bps="361326.21"></progress>
    <progress bytes="23657079" bps="386991.05"></progress>
    <progress bytes="23919219" bps="389793.46"></progress>
    <progress bytes="24181359" bps="392697.33"></progress>
    <progress bytes="24443499" bps="389578.54"></progress>
    <progress bytes="24705639" bps="395062.25"></progress>
    <progress bytes="24967779" bps="393914.12"></progress>
    <progress bytes="25229919" bps="391327.32"></progress>
    <progress bytes="25492059" bps="391527.22"></progress>
    <progress bytes="25754199" bps="391936.99"></progress>
    <progress bytes="26016339" bps="391705.07"></progress>
    <progress bytes="26278479" bps="391076.29"></progress>
    <progress bytes="26540619" bps="392395.78"></progress>
    <progress bytes="26802759" bps="392107.59"></progress>
    <progress bytes="27064899" bps="370329.56"></progress>
    <progress bytes="27327039" bps="369992.94"></progress>
    <progress bytes="27589179" bps="377160.86"></progress>
    <progress bytes="27851319" bps="389395.10"></progress>
    <progress bytes="28113459" bps="391791.71"></progress>
    <progress bytes="28375599" bps="387651.47"></progress>
    <progress bytes="28637739" bps="392050.71"></progress>
    <progress bytes="28899879" bps="392369.94"></progress>
    <progress bytes="29162019" bps="393869.14"></progress>
    <progress bytes="29424159" bps="386549.37"></progress>
    <progress bytes="29686299" bps="384946.92"></progress>
    <progress bytes="29948439" bps="387246.60"></progress>
    <progress bytes="30210579" bps="382117.14"></progress>
    <progress bytes="30472719" bps="392789.13"></progress>
    <progress bytes="30734859" bps="385480.73"></progress>
    <progress bytes="30996999" bps="379838.18"></progress>
    <progress bytes="31259139" bps="376389.17"></progress>
    <progress bytes="31521279" bps="376569.22"></progress>
    <progress bytes="31783419" bps="375796.17"></progress>
    <progress bytes="32045559" bps="396485.57"></progress>
    <progress bytes="32307699" bps="392423.97"></progress>
    <progress bytes="32569839" bps="393621.93"></progress>
    <progress bytes="32831979" bps="390885.60"></progress>
    <progress bytes="33094119" bps="392943.98"></progress>
    <progress bytes="33356259" bps="391294.61"></progress>
    <progress bytes="33618399" bps="394324.76"></progress>
    <progress bytes="33880539" bps="395447.24"></progress>
    <progress bytes="34142679" bps="392418.69"></progress>
    <progress bytes="34404819" bps="388325.06"></progress>
    <progress bytes="34666959" bps="396202.72"></progress>
    <progress bytes="34929099" bps="392880.37"></progress>
    <progress bytes="35191239" bps="380579.33"></progress>
    <progress bytes="35453379" bps="384112.11"></progress>
    <progress bytes="35715519" bps="372950.76"></progress>
    <progress bytes="35977659" bps="383546.73"></progress>
    <progress bytes="36239799" bps="381898.36"></progress>
    <progress bytes="36501939" bps="374679.48"></progress>
    <progress bytes="36764079" bps="387074.48"></progress>
    <progress bytes="37026219" bps="387497.32"></progress>
    <progress bytes="37288359" bps="390632.80"></progress>
    <progress bytes="37550499" bps="390820.91"></progress>
    <progress bytes="37812639" bps="393927.74"></progress>
    <progress bytes="38074779" bps="392153.93"></progress>
    <progress bytes="38336919" bps="390488.49"></progress>
    <progress bytes="38599059" bps="393116.05"></progress>
    <progress bytes="38861199" bps="380509.17"></progress>
    <progress bytes="39123339" bps="366839.21"></progress>
    <progress bytes="39385479" bps="383893.29"></progress>
    <progress bytes="39647619" bps="383841.58"></progress>
    <progress bytes="39909759" bps="373835.24"></progress>
    <progress bytes="40171899" bps="382686.13"></progress>
    <progress bytes="40434039" bps="386095.61"></progress>
    <progress bytes="40696179" bps="396364.47"></progress>
    <progress bytes="40958319" bps="393475.40"></progress>
    <progress bytes="41220459" bps="390076.52"></progress>
    <progress bytes="41482599" bps="393994.05"></progress>
    <progress bytes="41744739" bps="391719.12"></progress>
    <progress bytes="42006879" bps="394066.31"></progress>
    <progress bytes="42269019" bps="391037.79"></progress>
    <progress bytes="42531159" bps="392388.14"></progress>
    <progress bytes="42793299" bps="383114.55"></progress>
    <progress bytes="43055439" bps="388762.17"></progress>
    <progress bytes="43317579" bps="393098.36"></progress>
    <progress bytes="43579719" bps="388143.37"></progress>
    <progress bytes="43841859" bps="393853.16"></progress>
    <progress bytes="44103999" bps="388460.87"></progress>
    <progress bytes="44366139" bps="383774.15"></progress>
    <progress bytes="44628279" bps="372837.24"></progress>
    <progress bytes="44890419" bps="382805.16"></progress>
    <progress bytes="45152559" bps="385104.14"></progress>
    <progress bytes="45414699" bps="377807.18"></progress>
    <progress bytes="45676839" bps="388047.99"></progress>
    <progress bytes="45938979" bps="354679.40"></progress>
    <progress bytes="46201119" bps="439785.73"></progress>
    <progress bytes="46463259" bps="393389.78"></progress>
    <progress bytes="46725399" bps="385810.92"></progress>
    <progress bytes="46987539" bps="396592.94"></progress>
    <progress bytes="47249679" bps="391058.20"></progress>
    <progress bytes="47511819" bps="390543.18"></progress>
    <progress bytes="47773959" bps="388721.82"></progress>
    <progress bytes="48036099" bps="388943.87"></progress>
    <progress bytes="48298239" bps="392159.80"></progress>
    <progress bytes="48560379" bps="390141.54"></progress>
    <progress bytes="48822519" bps="396481.37"></progress>
    <progress bytes="49084659" bps="391092.04"></progress>
    <progress bytes="49346799" bps="392662.04"></progress>
    <progress bytes="49608939" bps="393424.61"></progress>
    <progress bytes="49871079" bps="390480.93"></progress>
    <progress bytes="50133219" bps="392678.51"></progress>
    <progress bytes="50395359" bps="391173.75"></progress>
    <progress bytes="50657499" bps="389362.13"></progress>
    <progress bytes="50919639" bps="391115.97"></progress>
    <progress bytes="51181779" bps="395164.68"></progress>
    <progress bytes="51443919" bps="387697.91"></progress>
    <progress bytes="51706059" bps="386081.39"></progress>
    <progress bytes="51968199" bps="395084.88"></progress>
    <progress bytes="52230339" bps="386678.80"></progress>
    <progress bytes="52492479" bps="391667.61"></progress>
    <progress bytes="52754619" bps="392132.81"></progress>
    <progress bytes="53016759" bps="391160.90"></progress>
    <progress bytes="53278899" bps="392474.50"></progress>
    <progress bytes="53541039" bps="392892.74"></progress>
    <progress bytes="53803179" bps="392296.54"></progress>
    <progress bytes="54065319" bps="392804.43"></progress>
    <progress bytes="54327459" bps="392378.75"></progress>
    <progress bytes="54589599" bps="392190.89"></progress>
    <progress bytes="54851739" bps="390582.16"></progress>
    <progress bytes="55113879" bps="397152.93"></progress>
    <progress bytes="55376019" bps="392381.09"></progress>
    <progress bytes="55638159" bps="391111.88"></progress>
    <progress bytes="55900299" bps="392837.39"></progress>
    <progress bytes="56162439" bps="391705.07"></progress>
    <progress bytes="56424579" bps="391905.93"></progress>
    <progress bytes="56686719" bps="391662.35"></progress>
    <progress bytes="56948859" bps="391421.98"></progress>
    <progress bytes="57210999" bps="396697.37"></progress>
    <progress bytes="57473139" bps="390511.76"></progress>
    <progress bytes="57735279" bps="389492.30"></progress>
    <progress bytes="57997419" bps="388436.12"></progress>
    <progress bytes="58259559" bps="389196.22"></progress>
    <progress bytes="58521699" bps="385357.76"></progress>
    <progress bytes="58783839" bps="386289.05"></progress>
    <progress bytes="59045979" bps="370301.83"></progress>
    <progress bytes="59308119" bps="378779.45"></progress>
    <progress bytes="59570259" bps="378017.48"></progress>
    <progress bytes="59832399" bps="384944.66"></progress>
    <progress bytes="60094539" bps="384875.14"></progress>
    <progress bytes="60356679" bps="379693.48"></progress>
    <progress bytes="60618819" bps="385896.68"></progress>
    <progress bytes="60880959" bps="391346.02"></progress>
    <progress bytes="61143099" bps="381684.28"></progress>
    <progress bytes="61405239" bps="381459.89"></progress>
    <progress bytes="61667379" bps="399126.05"></progress>
    <progress bytes="61929519" bps="390412.89"></progress>
    <progress bytes="62191659" bps="388841.75"></progress>
    <progress bytes="62453799" bps="389582.60"></progress>
    <progress bytes="62715939" bps="387112.21"></progress>
    <progress bytes="62978079" bps="393953.78"></progress>
    <progress bytes="63240219" bps="390052.14"></progress>
    <progress bytes="63502359" bps="389770.86"></progress>
    <progress bytes="63764499" bps="391288.77"></progress>
    <progress bytes="64026639" bps="390987.04"></progress>
    <progress bytes="64288779" bps="386681.65"></progress>
    <progress bytes="64550919" bps="392293.60"></progress>
    <progress bytes="64813059" bps="387124.21"></progress>
    <progress bytes="65075199" bps="389344.78"></progress>
    <progress bytes="65337339" bps="392415.16"></progress>
    <progress bytes="65599479" bps="383601.17"></progress>
    <progress bytes="65861619" bps="390461.74"></progress>
    <progress bytes="66123759" bps="387283.21"></progress>
    <progress bytes="66385899" bps="391152.15"></progress>
    <progress bytes="66648039" bps="393992.86"></progress>
    <progress bytes="66910179" bps="390966.63"></progress>
    <progress bytes="67172319" bps="392371.11"></progress>
    <progress bytes="67434459" bps="391029.62"></progress>
    <progress bytes="67696599" bps="392579.71"></progress>
    <progress bytes="67958739" bps="382590.62"></progress>
    <progress bytes="68220879" bps="395184.34"></progress>
    <progress bytes="68483019" bps="391135.81"></progress>
    <progress bytes="68745159" bps="389839.83"></progress>
    <progress bytes="69007299" bps="393097.18"></progress>
    <progress bytes="69269439" bps="391181.92"></progress>
    <progress bytes="69531579" bps="390974.80"></progress>
    <progress bytes="69793719" bps="391208.77"></progress>
    <progress bytes="70055859" bps="391043.04"></progress>
    <progress bytes="70317999" bps="395183.15"></progress>
    <progress bytes="70580139" bps="390803.43"></progress>
    <progress bytes="70842279" bps="391080.96"></progress>
    <progress bytes="71104419" bps="390255.38"></progress>
    <progress bytes="71366559" bps="390184.51"></progress>
    <progress bytes="71628699" bps="390503.03"></progress>
    <progress bytes="71890839" bps="393047.08"></progress>
    <progress bytes="72152979" bps="387686.44"></progress>
    <progress bytes="72415119" bps="391167.32"></progress>
    <progress bytes="72677259" bps="391590.97"></progress>
    <progress bytes="72939399" bps="390100.90"></progress>
    <progress bytes="73201539" bps="393950.23"></progress>
    <progress bytes="73463679" bps="389446.58"></progress>
    <progress bytes="73725819" bps="392796.78"></progress>
    <progress bytes="73987959" bps="384927.70"></progress>
    <progress bytes="74250099" bps="386511.18"></progress>
    <progress bytes="74512239" bps="388305.51"></progress>
    <progress bytes="74774379" bps="388215.80"></progress>
    <progress bytes="75036519" bps="379771.59"></progress>
    <progress bytes="75298659" bps="378110.17"></progress>
    <progress bytes="75560799" bps="370707.15"></progress>
    <progress bytes="75822939" bps="367361.01"></progress>
    <progress bytes="76085079" bps="360587.14"></progress>
    <progress bytes="76347219" bps="331419.63"></progress>
    <progress bytes="76609359" bps="317129.65"></progress>
    <progress bytes="76871499" bps="312055.08"></progress>
    <progress bytes="77133639" bps="380760.65"></progress>
    <progress bytes="77395779" bps="391963.36"></progress>
    <progress bytes="77657919" bps="380770.61"></progress>
    <progress bytes="77920059" bps="384956.53"></progress>
    <progress bytes="78182199" bps="309101.48"></progress>
    <progress bytes="78444339" bps="504794.92"></progress>
    <progress bytes="78706479" bps="159160.66"></progress>
    <progress bytes="78837549" bps="222152542.37"></progress>
    <progress bytes="80934669" bps="421985.03"></progress>
    <progress bytes="81196809" bps="394013.59"></progress>
    <progress bytes="81458949" bps="391354.78"></progress>
    <progress bytes="81721089" bps="391999.70"></progress>
    <progress bytes="81983229" bps="386618.35"></progress>
    <progress bytes="82245369" bps="390536.19"></progress>
    <progress bytes="82507509" bps="390820.33"></progress>
    <progress bytes="82769649" bps="392664.39"></progress>
    <progress bytes="83031789" bps="385362.29"></progress>
    <progress bytes="83293929" bps="387276.35"></progress>
    <progress bytes="83556069" bps="382771.63"></progress>
    <progress bytes="83818209" bps="390269.32"></progress>
    <progress bytes="84080349" bps="389128.62"></progress>
    <progress bytes="84342489" bps="394191.93"></progress>
    <progress bytes="84604629" bps="391057.62"></progress>
    <progress bytes="84866769" bps="388460.30"></progress>
    <progress bytes="85128909" bps="392148.06"></progress>
    <progress bytes="85391049" bps="388863.09"></progress>
    <progress bytes="85653189" bps="391104.29"></progress>
    <progress bytes="85915329" bps="389855.49"></progress>
    <progress bytes="86177469" bps="390741.10"></progress>
    <progress bytes="86439609" bps="388254.32"></progress>
    <progress bytes="86701749" bps="391996.77"></progress>
    <progress bytes="86963889" bps="390918.82"></progress>
    <progress bytes="87226029" bps="390913.58"></progress>
    <progress bytes="87488169" bps="390729.45"></progress>
    <progress bytes="87750309" bps="395665.10"></progress>
    <progress bytes="88012449" bps="393095.41"></progress>
    <progress bytes="88274589" bps="392622.05"></progress>
    <progress bytes="88536729" bps="393172.65"></progress>
    <progress bytes="88798869" bps="391530.72"></progress>
    <progress bytes="89061009" bps="391270.08"></progress>
    <progress bytes="89323149" bps="396353.08"></progress>
    <progress bytes="89585289" bps="392317.67"></progress>
    <progress bytes="89847429" bps="393389.19"></progress>
    <progress bytes="90109569" bps="392200.87"></progress>
    <progress bytes="90371709" bps="391469.33"></progress>
    <progress bytes="90633849" bps="391639.53"></progress>
    <progress bytes="90895989" bps="393621.93"></progress>
    <progress bytes="91158129" bps="392839.16"></progress>
    <progress bytes="91420269" bps="390690.44"></progress>
    <progress bytes="91682409" bps="391998.53"></progress>
    <progress bytes="91944549" bps="392428.67"></progress>
    <progress bytes="92206689" bps="395233.79"></progress>
    <progress bytes="92468829" bps="390875.69"></progress>
    <progress bytes="92730969" bps="391058.79"></progress>
    <progress bytes="92993109" bps="392920.42"></progress>
    <progress bytes="93255249" bps="388089.36"></progress>
    <progress bytes="93517389" bps="391129.97"></progress>
    <progress bytes="93779529" bps="396005.80"></progress>
    <progress bytes="94041669" bps="389531.65"></progress>
    <progress bytes="94303809" bps="392569.72"></progress>
    <progress bytes="94565949" bps="394757.65"></progress>
    <progress bytes="94828089" bps="391451.21"></progress>
    <progress bytes="95090229" bps="392587.94"></progress>
    <progress bytes="95352369" bps="391688.68"></progress>
    <progress bytes="95614509" bps="390940.40"></progress>
    <progress bytes="95876649" bps="395376.27"></progress>
    <progress bytes="96138789" bps="391531.89"></progress>
    <progress bytes="96400929" bps="390258.28"></progress>
    <progress bytes="96663069" bps="393132.55"></progress>
    <progress bytes="96925209" bps="391376.40"></progress>
    <progress bytes="97187349" bps="393045.90"></progress>
    <progress bytes="97449489" bps="392045.43"></progress>
    <progress bytes="97711629" bps="392349.38"></progress>
    <progress bytes="97973769" bps="390769.06"></progress>
    <progress bytes="98235909" bps="390692.77"></progress>
    <progress bytes="98498049" bps="392723.22"></progress>
    <progress bytes="98760189" bps="390540.27"></progress>
    <progress bytes="99022329" bps="383734.26"></progress>
    <progress bytes="99284469" bps="393914.71"></progress>
    <progress bytes="99546609" bps="384854.80"></progress>
    <progress bytes="99808749" bps="391753.07"></progress>
    <progress bytes="100070889" bps="380400.40"></progress>
    <progress bytes="100333029" bps="374448.27"></progress>
    <progress bytes="100595169" bps="384680.29"></progress>
    <progress bytes="100857309" bps="378086.17"></progress>
    <progress bytes="101119449" bps="387584.98"></progress>
    <progress bytes="101381589" bps="390039.37"></progress>
    <progress bytes="101643729" bps="387156.80"></progress>
    <progress bytes="101905869" bps="385433.68"></progress>
    <progress bytes="102168009" bps="382545.40"></progress>
    <progress bytes="102430149" bps="302232.68"></progress>
    <progress bytes="102692289" bps="483021.29"></progress>
    <progress bytes="102954429" bps="415445.69"></progress>
    <progress bytes="103216569" bps="390883.85"></progress>
    <progress bytes="103478709" bps="390986.46"></progress>
    <progress bytes="103740849" bps="390536.19"></progress>
    <progress bytes="104002989" bps="391263.07"></progress>
    <progress bytes="104265129" bps="387727.15"></progress>
    <progress bytes="104527269" bps="389113.03"></progress>
    <progress bytes="104789409" bps="395566.59"></progress>
    <progress bytes="105051549" bps="391714.43"></progress>
    <progress bytes="105313689" bps="369593.35"></progress>
    <progress bytes="105575829" bps="384257.38"></progress>
    <progress bytes="105837969" bps="388388.35"></progress>
    <progress bytes="106100109" bps="387954.38"></progress>
    <progress bytes="106362249" bps="390906.58"></progress>
    <progress bytes="106624389" bps="383572.55"></progress>
    <progress bytes="106886529" bps="386147.36"></progress>
    <progress bytes="107148669" bps="391977.43"></progress>
    <progress bytes="107410809" bps="387657.77"></progress>
    <progress bytes="107672949" bps="386368.76"></progress>
    <progress bytes="107935089" bps="391119.47"></progress>
    <progress bytes="108197229" bps="386212.79"></progress>
    <progress bytes="108459369" bps="388724.12"></progress>
    <progress bytes="108721509" bps="382364.61"></progress>
    <progress bytes="108983649" bps="393163.80"></progress>
    <progress bytes="109245789" bps="385315.28"></progress>
    <progress bytes="109507929" bps="384197.68"></progress>
    <progress bytes="109770069" bps="199587.33"></progress>
    <progress bytes="109901139" bps="271366459.63"></progress>
    <progress bytes="111998259" bps="414988.36"></progress>
    <progress bytes="112260399" bps="394269.01"></progress>
    <progress bytes="112522539" bps="391638.94"></progress>
    <progress bytes="112784679" bps="393375.02"></progress>
    <progress bytes="113046819" bps="392584.42"></progress>
    <progress bytes="113308959" bps="392802.66"></progress>
    <progress bytes="113571099" bps="393094.23"></progress>
    <progress bytes="113833239" bps="392129.29"></progress>
    <progress bytes="114095379" bps="391801.08"></progress>
    <progress bytes="114357519" bps="389925.08"></progress>
    <progress bytes="114619659" bps="384588.30"></progress>
    <progress bytes="114881799" bps="385522.11"></progress>
    <progress bytes="115143939" bps="388363.04"></progress>
    <progress bytes="115188804" bps="399770.11"></progress>
    <progress filesize="115188802" complete="1"></progress>
  </file>
</fileupload>
