<fileupload size="1090517">
  <file name="bk2.jpg" tmpfile="/home/interca1/tmp/Cpanel_Form_file.upload.3Deu4ZE549lnqx5B">
    <progress bytes="195543" bps="24101.23"></progress>
    <progress bytes="261078" bps="24706.39"></progress>
    <progress bytes="326613" bps="32011.94"></progress>
    <progress bytes="392148" bps="30686.71"></progress>
    <progress bytes="457683" bps="19136.16"></progress>
    <progress bytes="523218" bps="22626.29"></progress>
    <progress bytes="588753" bps="25346.52"></progress>
    <progress bytes="654288" bps="31786.43"></progress>
    <progress bytes="719823" bps="30899.76"></progress>
    <progress bytes="785358" bps="24463.50"></progress>
    <progress bytes="850893" bps="23936.49"></progress>
    <progress bytes="916428" bps="26556.61"></progress>
    <progress bytes="981963" bps="44140.65"></progress>
    <progress bytes="1047498" bps="51458.72"></progress>
    <progress bytes="1089411" bps="42477.83"></progress>
    <progress filesize="1089409" complete="1"></progress>
  </file>
</fileupload>
