**********************************************************
2 WARNING - 2015-02-20 13:14:59 (BRST)
     ARQUIVO: /home/interca1/public_html/catalog/controller/payment/smcielopageloja_lib/includes/include.php(Linha 0)
     MENSAGEM: 
curl_error(): 112 is not a valid cURL handle resource

**********************************************************
2 WARNING - 2015-02-20 13:18:08 (BRST)
     ARQUIVO: /home/interca1/public_html/catalog/controller/payment/smcielopageloja_lib/includes/include.php(Linha 49)
     MENSAGEM: 
curl_error(): 113 is not a valid cURL handle resource

**********************************************************
2 WARNING - 2015-02-20 13:22:27 (BRST)
     ARQUIVO: /home/interca1/public_html/catalog/controller/payment/smcielopageloja_lib/includes/include.php(Linha 0)
     MENSAGEM: 
curl_error(): 112 is not a valid cURL handle resource

**********************************************************
2 WARNING - 2016-01-11 11:58:12 (BRST)
     ARQUIVO: /home/interca1/public_html/catalog/controller/payment/smcielopageloja_lib/includes/include.php(Linha 0)
     MENSAGEM: 
curl_error(): 113 is not a valid cURL handle resource

**********************************************************
2 WARNING - 2016-01-11 12:07:55 (BRST)
     ARQUIVO: /home/interca1/public_html/catalog/controller/payment/smcielopageloja_lib/includes/include.php(Linha 0)
     MENSAGEM: 
curl_error(): 113 is not a valid cURL handle resource

**********************************************************
2 WARNING - 2016-01-11 15:16:49 (BRST)
     ARQUIVO: /home/interca1/public_html/catalog/controller/payment/smcielopageloja_lib/includes/include.php(Linha 0)
     MENSAGEM: 
curl_error(): 113 is not a valid cURL handle resource

**********************************************************
2 WARNING - 2016-01-11 16:11:17 (BRST)
     ARQUIVO: /home/interca1/public_html/catalog/controller/payment/smcielopageloja_lib/includes/include.php(Linha 0)
     MENSAGEM: 
curl_error(): 111 is not a valid cURL handle resource

**********************************************************
2 WARNING - 2016-01-11 22:08:54 (BRST)
     ARQUIVO: /home/interca1/public_html/catalog/controller/payment/smcielopageloja_lib/includes/include.php(Linha 0)
     MENSAGEM: 
curl_error(): 113 is not a valid cURL handle resource

**********************************************************
2 WARNING - 2016-01-12 10:50:19 (BRST)
     ARQUIVO: /home/interca1/public_html/catalog/controller/payment/smcielopageloja_lib/includes/include.php(Linha 0)
     MENSAGEM: 
curl_error(): 113 is not a valid cURL handle resource

**********************************************************
2 WARNING - 2016-01-12 10:55:34 (BRST)
     ARQUIVO: /home/interca1/public_html/catalog/controller/payment/smcielopageloja_lib/includes/include.php(Linha 0)
     MENSAGEM: 
curl_error(): 113 is not a valid cURL handle resource

**********************************************************
2 WARNING - 2016-01-12 10:58:49 (BRST)
     ARQUIVO: /home/interca1/public_html/catalog/controller/payment/smcielopageloja_lib/includes/include.php(Linha 0)
     MENSAGEM: 
curl_error(): 113 is not a valid cURL handle resource

**********************************************************
2 WARNING - 2016-01-12 11:00:47 (BRST)
     ARQUIVO: /home/interca1/public_html/catalog/controller/payment/smcielopageloja_lib/includes/include.php(Linha 0)
     MENSAGEM: 
curl_error(): 113 is not a valid cURL handle resource

**********************************************************
2 WARNING - 2016-01-12 11:03:22 (BRST)
     ARQUIVO: /home/interca1/public_html/catalog/controller/payment/smcielopageloja_lib/includes/include.php(Linha 0)
     MENSAGEM: 
curl_error(): 113 is not a valid cURL handle resource

**********************************************************
2 WARNING - 2016-01-12 11:06:37 (BRST)
     ARQUIVO: /home/interca1/public_html/catalog/controller/payment/smcielopageloja_lib/includes/include.php(Linha 0)
     MENSAGEM: 
curl_error(): 113 is not a valid cURL handle resource

**********************************************************
2 WARNING - 2016-01-12 11:07:54 (BRST)
     ARQUIVO: /home/interca1/public_html/catalog/controller/payment/smcielopageloja_lib/includes/include.php(Linha 0)
     MENSAGEM: 
curl_error(): 113 is not a valid cURL handle resource

**********************************************************
2 WARNING - 2016-01-12 11:16:19 (BRST)
     ARQUIVO: /home/interca1/public_html/catalog/controller/payment/smcielopageloja_lib/includes/include.php(Linha 0)
     MENSAGEM: 
curl_error(): 113 is not a valid cURL handle resource

**********************************************************
2 WARNING - 2016-01-12 11:44:41 (BRST)
     ARQUIVO: /home/interca1/public_html/catalog/controller/payment/smcielopageloja_lib/includes/include.php(Linha 0)
     MENSAGEM: 
curl_error(): 113 is not a valid cURL handle resource

**********************************************************
1024 USER NOTICE - 2016-08-18 17:46:14 (BRT)
     ARQUIVO: /home/interca1/public_html/system/library/mail.php(Linha 251)
     MENSAGEM: 
Error: Password not accepted from server!

**********************************************************
1024 USER NOTICE - 2016-10-07 13:45:17 (BRT)
     ARQUIVO: /home/interca1/public_html/system/library/mail.php(Linha 251)
     MENSAGEM: 
Error: Password not accepted from server!

**********************************************************
1024 USER NOTICE - 2016-11-27 21:48:18 (BRST)
     ARQUIVO: /home/interca1/public_html/system/library/mail.php(Linha 251)
     MENSAGEM: 
Error: Password not accepted from server!

**********************************************************
1024 USER NOTICE - 2016-11-28 14:18:11 (BRST)
     ARQUIVO: /home/interca1/public_html/system/library/mail.php(Linha 251)
     MENSAGEM: 
Error: Password not accepted from server!

**********************************************************
1024 USER NOTICE - 2016-11-30 17:22:57 (BRST)
     ARQUIVO: /home/interca1/public_html/system/library/mail.php(Linha 251)
     MENSAGEM: 
Error: Password not accepted from server!

**********************************************************
1024 USER NOTICE - 2016-11-30 17:30:16 (BRST)
     ARQUIVO: /home/interca1/public_html/system/library/mail.php(Linha 251)
     MENSAGEM: 
Error: Password not accepted from server!

**********************************************************
1024 USER NOTICE - 2016-12-05 14:24:35 (BRST)
     ARQUIVO: /home/interca1/public_html/system/library/mail.php(Linha 251)
     MENSAGEM: 
Error: Password not accepted from server!

**********************************************************
1024 USER NOTICE - 2016-12-14 15:31:51 (BRST)
     ARQUIVO: /home/interca1/public_html/system/library/mail.php(Linha 251)
     MENSAGEM: 
Error: Password not accepted from server!

**********************************************************
1024 USER NOTICE - 2016-12-14 17:15:54 (BRST)
     ARQUIVO: /home/interca1/public_html/system/library/mail.php(Linha 251)
     MENSAGEM: 
Error: Password not accepted from server!

**********************************************************
1024 USER NOTICE - 2016-12-20 18:40:58 (BRST)
     ARQUIVO: /home/interca1/public_html/system/library/mail.php(Linha 251)
     MENSAGEM: 
Error: Password not accepted from server!

**********************************************************
1024 USER NOTICE - 2016-12-22 10:36:55 (BRST)
     ARQUIVO: /home/interca1/public_html/system/library/mail.php(Linha 251)
     MENSAGEM: 
Error: Password not accepted from server!

**********************************************************
1024 USER NOTICE - 2017-01-05 23:12:27 (BRST)
     ARQUIVO: /home/interca1/public_html/system/library/mail.php(Linha 251)
     MENSAGEM: 
Error: Password not accepted from server!

**********************************************************
1024 USER NOTICE - 2017-01-06 02:22:25 (BRST)
     ARQUIVO: /home/interca1/public_html/system/library/mail.php(Linha 251)
     MENSAGEM: 
Error: Password not accepted from server!

**********************************************************
1024 USER NOTICE - 2017-02-02 14:55:58 (BRST)
     ARQUIVO: /home/interca1/public_html/system/library/mail.php(Linha 251)
     MENSAGEM: 
Error: Password not accepted from server!

**********************************************************
1024 USER NOTICE - 2017-02-02 15:33:41 (BRST)
     ARQUIVO: /home/interca1/public_html/system/library/mail.php(Linha 251)
     MENSAGEM: 
Error: Password not accepted from server!

**********************************************************
1024 USER NOTICE - 2017-02-02 22:08:40 (BRST)
     ARQUIVO: /home/interca1/public_html/system/library/mail.php(Linha 251)
     MENSAGEM: 
Error: Password not accepted from server!

**********************************************************
1024 USER NOTICE - 2017-02-03 11:08:14 (BRST)
     ARQUIVO: /home/interca1/public_html/system/library/mail.php(Linha 251)
     MENSAGEM: 
Error: Password not accepted from server!

**********************************************************
1024 USER NOTICE - 2017-02-03 17:33:20 (BRST)
     ARQUIVO: /home/interca1/public_html/system/library/mail.php(Linha 251)
     MENSAGEM: 
Error: Password not accepted from server!

**********************************************************
1024 USER NOTICE - 2017-02-27 19:23:42 (BRT)
     ARQUIVO: /home/interca1/public_html/system/library/mail.php(Linha 251)
     MENSAGEM: 
Error: Password not accepted from server!

**********************************************************
1024 USER NOTICE - 2017-02-27 19:36:03 (BRT)
     ARQUIVO: /home/interca1/public_html/system/library/mail.php(Linha 251)
     MENSAGEM: 
Error: Password not accepted from server!

**********************************************************
1024 USER NOTICE - 2017-03-02 15:02:13 (BRT)
     ARQUIVO: /home/interca1/public_html/system/library/mail.php(Linha 251)
     MENSAGEM: 
Error: Password not accepted from server!

**********************************************************
1024 USER NOTICE - 2017-03-02 15:46:57 (BRT)
     ARQUIVO: /home/interca1/public_html/system/library/mail.php(Linha 251)
     MENSAGEM: 
Error: Password not accepted from server!

**********************************************************
1024 USER NOTICE - 2017-03-03 16:33:18 (BRT)
     ARQUIVO: /home/interca1/public_html/system/library/mail.php(Linha 251)
     MENSAGEM: 
Error: Password not accepted from server!

**********************************************************
1024 USER NOTICE - 2017-03-03 17:04:33 (BRT)
     ARQUIVO: /home/interca1/public_html/system/library/mail.php(Linha 251)
     MENSAGEM: 
Error: Password not accepted from server!

**********************************************************
1024 USER NOTICE - 2017-03-07 12:30:24 (BRT)
     ARQUIVO: /home/interca1/public_html/system/library/mail.php(Linha 251)
     MENSAGEM: 
Error: Password not accepted from server!

**********************************************************
1024 USER NOTICE - 2017-03-14 14:56:34 (BRT)
     ARQUIVO: /home/interca1/public_html/system/library/mail.php(Linha 251)
     MENSAGEM: 
Error: Password not accepted from server!

**********************************************************
1024 USER NOTICE - 2017-03-22 09:26:52 (BRT)
     ARQUIVO: /home/interca1/public_html/system/library/mail.php(Linha 251)
     MENSAGEM: 
Error: Password not accepted from server!

**********************************************************
2 WARNING - 2018-07-19 01:46:46 (-03)
     ARQUIVO: /home/interca1/public_html/catalog/controller/payment/smcielopageloja_lib/includes/include.php(Linha 49)
     MENSAGEM: 
curl_error(): 62 is not a valid cURL handle resource

**********************************************************
2 WARNING - 2018-07-19 01:50:24 (-03)
     ARQUIVO: /home/interca1/public_html/catalog/controller/payment/smcielopageloja_lib/includes/include.php(Linha 49)
     MENSAGEM: 
curl_error(): 62 is not a valid cURL handle resource

**********************************************************
2 WARNING - 2018-07-19 01:52:59 (-03)
     ARQUIVO: /home/interca1/public_html/catalog/controller/payment/smcielopageloja_lib/includes/include.php(Linha 49)
     MENSAGEM: 
curl_error(): 62 is not a valid cURL handle resource

**********************************************************
2 WARNING - 2018-07-19 01:56:13 (-03)
     ARQUIVO: /home/interca1/public_html/catalog/controller/payment/smcielopageloja_lib/includes/include.php(Linha 49)
     MENSAGEM: 
curl_error(): 62 is not a valid cURL handle resource

**********************************************************
2 WARNING - 2018-07-19 14:26:15 (-03)
     ARQUIVO: /home/interca1/public_html/catalog/controller/payment/smcielopageloja_lib/includes/include.php(Linha 49)
     MENSAGEM: 
curl_error(): 62 is not a valid cURL handle resource

**********************************************************
2 WARNING - 2018-07-20 12:06:56 (-03)
     ARQUIVO: /home/interca1/public_html/catalog/controller/payment/smcielopageloja_lib/includes/include.php(Linha 49)
     MENSAGEM: 
curl_error(): 62 is not a valid cURL handle resource

**********************************************************
2 WARNING - 2018-07-22 12:52:39 (-03)
     ARQUIVO: /home/interca1/public_html/catalog/controller/payment/smcielopageloja_lib/includes/include.php(Linha 49)
     MENSAGEM: 
curl_error(): 62 is not a valid cURL handle resource

**********************************************************
2 WARNING - 2018-07-22 12:54:17 (-03)
     ARQUIVO: /home/interca1/public_html/catalog/controller/payment/smcielopageloja_lib/includes/include.php(Linha 49)
     MENSAGEM: 
curl_error(): 62 is not a valid cURL handle resource

**********************************************************
2 WARNING - 2018-07-28 14:07:38 (-03)
     ARQUIVO: /home/interca1/public_html/catalog/controller/payment/smcielopageloja_lib/includes/include.php(Linha 49)
     MENSAGEM: 
curl_error(): 62 is not a valid cURL handle resource

**********************************************************
2 WARNING - 2018-07-28 14:07:38 (-03)
     ARQUIVO: /home/interca1/public_html/catalog/controller/payment/smcielopageloja_lib/includes/include.php(Linha 49)
     MENSAGEM: 
curl_error(): 62 is not a valid cURL handle resource

**********************************************************
2 WARNING - 2018-07-28 14:08:51 (-03)
     ARQUIVO: /home/interca1/public_html/catalog/controller/payment/smcielopageloja_lib/includes/include.php(Linha 49)
     MENSAGEM: 
curl_error(): 62 is not a valid cURL handle resource

**********************************************************
2 WARNING - 2018-07-28 14:08:52 (-03)
     ARQUIVO: /home/interca1/public_html/catalog/controller/payment/smcielopageloja_lib/includes/include.php(Linha 49)
     MENSAGEM: 
curl_error(): 62 is not a valid cURL handle resource

**********************************************************
2 WARNING - 2018-07-31 13:38:47 (-03)
     ARQUIVO: /home/interca1/public_html/catalog/controller/payment/smcielopageloja_lib/includes/include.php(Linha 49)
     MENSAGEM: 
curl_error(): 62 is not a valid cURL handle resource

**********************************************************
2 WARNING - 2018-08-02 12:20:37 (-03)
     ARQUIVO: /home/interca1/public_html/catalog/controller/payment/smcielopageloja_lib/includes/include.php(Linha 49)
     MENSAGEM: 
curl_error(): 62 is not a valid cURL handle resource

**********************************************************
2 WARNING - 2018-08-07 08:19:44 (-03)
     ARQUIVO: /home/interca1/public_html/catalog/controller/payment/smcielopageloja_lib/includes/include.php(Linha 49)
     MENSAGEM: 
curl_error(): 62 is not a valid cURL handle resource

**********************************************************
2 WARNING - 2018-08-07 08:21:08 (-03)
     ARQUIVO: /home/interca1/public_html/catalog/controller/payment/smcielopageloja_lib/includes/include.php(Linha 49)
     MENSAGEM: 
curl_error(): 62 is not a valid cURL handle resource

**********************************************************
2 WARNING - 2018-08-07 10:31:43 (-03)
     ARQUIVO: /home/interca1/public_html/catalog/controller/payment/smcielopageloja_lib/includes/include.php(Linha 49)
     MENSAGEM: 
curl_error(): 62 is not a valid cURL handle resource

**********************************************************
2 WARNING - 2018-08-07 10:34:07 (-03)
     ARQUIVO: /home/interca1/public_html/catalog/controller/payment/smcielopageloja_lib/includes/include.php(Linha 49)
     MENSAGEM: 
curl_error(): 62 is not a valid cURL handle resource

**********************************************************
2 WARNING - 2018-08-07 14:03:29 (-03)
     ARQUIVO: /home/interca1/public_html/catalog/controller/payment/smcielopageloja_lib/includes/include.php(Linha 49)
     MENSAGEM: 
curl_error(): 62 is not a valid cURL handle resource

**********************************************************
2 WARNING - 2018-08-07 14:23:02 (-03)
     ARQUIVO: /home/interca1/public_html/catalog/controller/payment/smcielopageloja_lib/includes/include.php(Linha 49)
     MENSAGEM: 
curl_error(): 62 is not a valid cURL handle resource

**********************************************************
2 WARNING - 2018-08-07 15:07:54 (-03)
     ARQUIVO: /home/interca1/public_html/catalog/controller/payment/smcielopageloja_lib/includes/include.php(Linha 49)
     MENSAGEM: 
curl_error(): 62 is not a valid cURL handle resource

**********************************************************
2 WARNING - 2018-08-07 15:20:34 (-03)
     ARQUIVO: /home/interca1/public_html/catalog/controller/payment/smcielopageloja_lib/includes/include.php(Linha 49)
     MENSAGEM: 
curl_error(): 62 is not a valid cURL handle resource

**********************************************************
2 WARNING - 2018-08-07 16:04:53 (-03)
     ARQUIVO: /home/interca1/public_html/catalog/controller/payment/smcielopageloja_lib/includes/include.php(Linha 49)
     MENSAGEM: 
curl_error(): 62 is not a valid cURL handle resource

**********************************************************
2 WARNING - 2018-08-07 16:17:47 (-03)
     ARQUIVO: /home/interca1/public_html/catalog/controller/payment/smcielopageloja_lib/includes/include.php(Linha 49)
     MENSAGEM: 
curl_error(): 62 is not a valid cURL handle resource

**********************************************************
2 WARNING - 2018-08-08 08:07:36 (-03)
     ARQUIVO: /home/interca1/public_html/catalog/controller/payment/smcielopageloja_lib/includes/include.php(Linha 49)
     MENSAGEM: 
curl_error(): 62 is not a valid cURL handle resource

**********************************************************
2 WARNING - 2018-08-08 08:43:03 (-03)
     ARQUIVO: /home/interca1/public_html/catalog/controller/payment/smcielopageloja_lib/includes/include.php(Linha 49)
     MENSAGEM: 
curl_error(): 62 is not a valid cURL handle resource

**********************************************************
2 WARNING - 2018-08-08 08:58:10 (-03)
     ARQUIVO: /home/interca1/public_html/catalog/controller/payment/smcielopageloja_lib/includes/include.php(Linha 49)
     MENSAGEM: 
curl_error(): 62 is not a valid cURL handle resource

**********************************************************
2 WARNING - 2018-08-08 10:50:28 (-03)
     ARQUIVO: /home/interca1/public_html/catalog/controller/payment/smcielopageloja_lib/includes/include.php(Linha 49)
     MENSAGEM: 
curl_error(): 62 is not a valid cURL handle resource

**********************************************************
2 WARNING - 2018-08-08 10:54:19 (-03)
     ARQUIVO: /home/interca1/public_html/catalog/controller/payment/smcielopageloja_lib/includes/include.php(Linha 49)
     MENSAGEM: 
curl_error(): 62 is not a valid cURL handle resource

**********************************************************
2 WARNING - 2018-08-08 10:55:45 (-03)
     ARQUIVO: /home/interca1/public_html/catalog/controller/payment/smcielopageloja_lib/includes/include.php(Linha 49)
     MENSAGEM: 
curl_error(): 62 is not a valid cURL handle resource

**********************************************************
2 WARNING - 2018-08-09 10:45:36 (-03)
     ARQUIVO: /home/interca1/public_html/catalog/controller/payment/smcielopageloja_lib/includes/include.php(Linha 49)
     MENSAGEM: 
curl_error(): 62 is not a valid cURL handle resource

**********************************************************
2 WARNING - 2018-08-27 16:13:47 (-03)
     ARQUIVO: /home/interca1/public_html/catalog/controller/payment/smcielopageloja_lib/includes/include.php(Linha 49)
     MENSAGEM: 
curl_error(): 62 is not a valid cURL handle resource

**********************************************************
2 WARNING - 2018-08-27 16:15:04 (-03)
     ARQUIVO: /home/interca1/public_html/catalog/controller/payment/smcielopageloja_lib/includes/include.php(Linha 49)
     MENSAGEM: 
curl_error(): 62 is not a valid cURL handle resource

**********************************************************
2 WARNING - 2018-08-27 16:19:45 (-03)
     ARQUIVO: /home/interca1/public_html/catalog/controller/payment/smcielopageloja_lib/includes/include.php(Linha 49)
     MENSAGEM: 
curl_error(): 62 is not a valid cURL handle resource

**********************************************************
2 WARNING - 2018-08-27 16:29:04 (-03)
     ARQUIVO: /home/interca1/public_html/catalog/controller/payment/smcielopageloja_lib/includes/include.php(Linha 49)
     MENSAGEM: 
curl_error(): 62 is not a valid cURL handle resource

**********************************************************
2 WARNING - 2018-08-27 16:34:06 (-03)
     ARQUIVO: /home/interca1/public_html/catalog/controller/payment/smcielopageloja_lib/includes/include.php(Linha 49)
     MENSAGEM: 
curl_error(): 62 is not a valid cURL handle resource

**********************************************************
2 WARNING - 2018-08-27 16:36:08 (-03)
     ARQUIVO: /home/interca1/public_html/catalog/controller/payment/smcielopageloja_lib/includes/include.php(Linha 49)
     MENSAGEM: 
curl_error(): 62 is not a valid cURL handle resource

**********************************************************
2 WARNING - 2018-08-27 16:42:48 (-03)
     ARQUIVO: /home/interca1/public_html/catalog/controller/payment/smcielopageloja_lib/includes/include.php(Linha 49)
     MENSAGEM: 
curl_error(): 62 is not a valid cURL handle resource

**********************************************************
2 WARNING - 2018-08-27 16:46:01 (-03)
     ARQUIVO: /home/interca1/public_html/catalog/controller/payment/smcielopageloja_lib/includes/include.php(Linha 49)
     MENSAGEM: 
curl_error(): 62 is not a valid cURL handle resource

**********************************************************
2 WARNING - 2018-08-28 11:09:37 (-03)
     ARQUIVO: /home/interca1/public_html/catalog/controller/payment/smcielopageloja_lib/includes/include.php(Linha 49)
     MENSAGEM: 
curl_error(): 62 is not a valid cURL handle resource

**********************************************************
2 WARNING - 2018-08-28 11:19:16 (-03)
     ARQUIVO: /home/interca1/public_html/catalog/controller/payment/smcielopageloja_lib/includes/include.php(Linha 49)
     MENSAGEM: 
curl_error(): 62 is not a valid cURL handle resource

**********************************************************
2 WARNING - 2018-08-28 11:19:39 (-03)
     ARQUIVO: /home/interca1/public_html/catalog/controller/payment/smcielopageloja_lib/includes/include.php(Linha 49)
     MENSAGEM: 
curl_error(): 62 is not a valid cURL handle resource

**********************************************************
2 WARNING - 2018-08-28 11:20:07 (-03)
     ARQUIVO: /home/interca1/public_html/catalog/controller/payment/smcielopageloja_lib/includes/include.php(Linha 49)
     MENSAGEM: 
curl_error(): 62 is not a valid cURL handle resource

**********************************************************
8 RUNTIME NOTICE - 2018-08-28 11:20:43 (-03)
     ARQUIVO: /home/interca1/public_html/catalog/controller/payment/smcielopageloja_lib/includes/include.php(Linha 30)
     MENSAGEM: 
curl_setopt(): CURLOPT_SSL_VERIFYHOST no longer accepts the value 1, value 2 will be used instead

**********************************************************
8 RUNTIME NOTICE - 2018-08-28 11:21:05 (-03)
     ARQUIVO: /home/interca1/public_html/catalog/controller/payment/smcielopageloja_lib/includes/include.php(Linha 30)
     MENSAGEM: 
curl_setopt(): CURLOPT_SSL_VERIFYHOST no longer accepts the value 1, value 2 will be used instead

**********************************************************
2 WARNING - 2018-08-28 11:22:16 (-03)
     ARQUIVO: /home/interca1/public_html/catalog/controller/payment/smcielopageloja_lib/includes/include.php(Linha 49)
     MENSAGEM: 
curl_error(): 62 is not a valid cURL handle resource

**********************************************************
2 WARNING - 2018-08-28 11:39:52 (-03)
     ARQUIVO: /home/interca1/public_html/catalog/controller/payment/smcielopageloja_lib/includes/include.php(Linha 49)
     MENSAGEM: 
curl_error(): 62 is not a valid cURL handle resource

**********************************************************
2 WARNING - 2018-08-28 11:42:56 (-03)
     ARQUIVO: /home/interca1/public_html/catalog/controller/payment/smcielopageloja_lib/includes/include.php(Linha 49)
     MENSAGEM: 
curl_error(): 62 is not a valid cURL handle resource

**********************************************************
2 WARNING - 2018-08-28 14:02:02 (-03)
     ARQUIVO: /home/interca1/public_html/catalog/controller/payment/smcielopageloja_lib/includes/include.php(Linha 49)
     MENSAGEM: 
curl_error(): 62 is not a valid cURL handle resource

**********************************************************
2 WARNING - 2018-08-28 14:05:32 (-03)
     ARQUIVO: /home/interca1/public_html/catalog/controller/payment/smcielopageloja_lib/includes/include.php(Linha 49)
     MENSAGEM: 
curl_error(): 62 is not a valid cURL handle resource

**********************************************************
2 WARNING - 2018-08-28 14:06:33 (-03)
     ARQUIVO: /home/interca1/public_html/catalog/controller/payment/smcielopageloja_lib/includes/include.php(Linha 49)
     MENSAGEM: 
curl_error(): 62 is not a valid cURL handle resource

**********************************************************
2 WARNING - 2018-08-28 14:07:28 (-03)
     ARQUIVO: /home/interca1/public_html/catalog/controller/payment/smcielopageloja_lib/includes/include.php(Linha 49)
     MENSAGEM: 
curl_error(): 62 is not a valid cURL handle resource

**********************************************************
2 WARNING - 2018-08-28 14:09:05 (-03)
     ARQUIVO: /home/interca1/public_html/catalog/controller/payment/smcielopageloja_lib/includes/include.php(Linha 0)
     MENSAGEM: 
curl_error(): 60 is not a valid cURL handle resource

**********************************************************
2 WARNING - 2018-08-28 14:09:51 (-03)
     ARQUIVO: /home/interca1/public_html/catalog/controller/payment/smcielopageloja_lib/includes/include.php(Linha 0)
     MENSAGEM: 
curl_error(): 60 is not a valid cURL handle resource

**********************************************************
2 WARNING - 2018-08-28 14:10:27 (-03)
     ARQUIVO: /home/interca1/public_html/catalog/controller/payment/smcielopageloja_lib/includes/include.php(Linha 49)
     MENSAGEM: 
curl_error(): 62 is not a valid cURL handle resource

**********************************************************
2 WARNING - 2018-08-28 14:14:41 (-03)
     ARQUIVO: /home/interca1/public_html/catalog/controller/payment/smcielopageloja_lib/includes/include.php(Linha 49)
     MENSAGEM: 
curl_error(): 62 is not a valid cURL handle resource

**********************************************************
2 WARNING - 2018-08-28 14:15:20 (-03)
     ARQUIVO: /home/interca1/public_html/catalog/controller/payment/smcielopageloja_lib/includes/include.php(Linha 49)
     MENSAGEM: 
curl_error(): 62 is not a valid cURL handle resource

**********************************************************
2 WARNING - 2018-08-28 14:18:24 (-03)
     ARQUIVO: /home/interca1/public_html/catalog/controller/payment/smcielopageloja_lib/includes/include.php(Linha 49)
     MENSAGEM: 
curl_error(): 62 is not a valid cURL handle resource

